Arguments: 
  /Users/schwarz/.nvm/versions/node/v8.9.1/bin/node /Users/schwarz/.nvm/versions/node/v8.9.1/bin/yarn add metisMenu

PATH: 
  /Users/schwarz/.nvm/versions/node/v8.9.1/bin:/Users/schwarz/.rvm/gems/ruby-2.5.1@rlprocess/bin:/Users/schwarz/.rvm/gems/ruby-2.5.1@global/bin:/Users/schwarz/.rvm/rubies/ruby-2.5.1/bin:/Users/schwarz/.rvm/bin:/usr/local/opt/imagemagick@6/bin:/usr/local/opt/qt@5.5/bin:/Users/schwarz/.yarn/bin:/bin:/usr/bin:/bin:/usr/sbin:/sbin:/usr/local/bin

Yarn version: 
  1.3.2

Node version: 
  8.9.1

Platform: 
  darwin x64

npm manifest: 
  {
    "name": "RlProcess",
    "private": true,
    "dependencies": {}
  }

yarn manifest: 
  No manifest

Lockfile: 
  No lockfile

Trace: 
  Error: https://registry.yarnpkg.com/metisMenu: Not found
      at Request.params.callback [as _callback] (/Users/schwarz/.nvm/versions/node/v8.9.1/lib/node_modules/yarn/lib/cli.js:62098:18)
      at Request.self.callback (/Users/schwarz/.nvm/versions/node/v8.9.1/lib/node_modules/yarn/lib/cli.js:123085:22)
      at emitTwo (events.js:126:13)
      at Request.emit (events.js:214:7)
      at Request.<anonymous> (/Users/schwarz/.nvm/versions/node/v8.9.1/lib/node_modules/yarn/lib/cli.js:124068:10)
      at emitOne (events.js:116:13)
      at Request.emit (events.js:211:7)
      at IncomingMessage.<anonymous> (/Users/schwarz/.nvm/versions/node/v8.9.1/lib/node_modules/yarn/lib/cli.js:123988:12)
      at Object.onceWrapper (events.js:313:30)
      at emitNone (events.js:111:20)
